<?xml version="1.0" encoding="UTF-8"?>
<!-- Generated by org.testng.reporters.JUnitReportReporter -->
<testsuite hostname="IN-7V7SP13" failures="0" tests="1" name="RegistrationModule.RegistrationForm" time="27.548" errors="0" timestamp="2022-09-07T11:16:50 IST" skipped="0">
  <testcase classname="RegistrationModule.RegistrationForm" name="verifyRgesitrationForm" time="27.548"/>
  <system-out/>
</testsuite> <!-- RegistrationModule.RegistrationForm -->
