<?xml version="1.0" encoding="UTF-8"?>
<!-- Generated by org.testng.reporters.JUnitReportReporter -->
<testsuite hostname="IN-7V7SP13" failures="0" tests="1" name="RegistrationModule.RegistrationForm" time="14.820" errors="0" timestamp="2022-09-07T13:39:28 IST" skipped="0">
  <testcase classname="RegistrationModule.RegistrationForm" name="verifyRgesitrationForm" time="14.820"/>
  <system-out/>
</testsuite> <!-- RegistrationModule.RegistrationForm -->
