<?xml version="1.0" encoding="UTF-8"?>
<!-- Generated by org.testng.reporters.JUnitReportReporter -->
<testsuite hostname="IN-7V7SP13" failures="0" tests="1" name="RegistrationModule.RegistrationUI" time="7.098" errors="0" timestamp="2022-09-07T13:39:28 IST" skipped="0">
  <testcase classname="RegistrationModule.RegistrationUI" name="verifyRegistrationUI" time="7.098"/>
  <system-out/>
</testsuite> <!-- RegistrationModule.RegistrationUI -->
