<?xml version="1.0" encoding="UTF-8"?>
<!-- Generated by org.testng.reporters.JUnitReportReporter -->
<testsuite hostname="IN-7V7SP13" failures="0" tests="1" name="RegistrationModule.RegistrationUI" time="10.066" errors="0" timestamp="2022-09-07T11:16:50 IST" skipped="0">
  <testcase classname="RegistrationModule.RegistrationUI" name="verifyRegistrationUI" time="10.066"/>
  <system-out/>
</testsuite> <!-- RegistrationModule.RegistrationUI -->
